{
    "meta": {
        "version": "7.3.2",
        "timestamp": "2023-12-06T17:07:16.323366",
        "branch_coverage": false,
        "show_contexts": false
    },
    "files": {
        "src/planager/__init__.py": {
            "executed_lines": [
                1,
                3
            ],
            "summary": {
                "covered_lines": 2,
                "num_statements": 2,
                "percent_covered": 100.0,
                "percent_covered_display": "100",
                "missing_lines": 0,
                "excluded_lines": 0
            },
            "missing_lines": [],
            "excluded_lines": []
        },
        "src/planager/__main__.py": {
            "executed_lines": [],
            "summary": {
                "covered_lines": 0,
                "num_statements": 13,
                "percent_covered": 0.0,
                "percent_covered_display": "0",
                "missing_lines": 13,
                "excluded_lines": 2
            },
            "missing_lines": [
                2,
                4,
                7,
                8,
                9,
                24,
                27,
                30,
                39,
                42,
                43,
                44,
                46
            ],
            "excluded_lines": [
                49,
                50
            ]
        },
        "src/planager/cli.py": {
            "executed_lines": [],
            "summary": {
                "covered_lines": 0,
                "num_statements": 46,
                "percent_covered": 0.0,
                "percent_covered_display": "0",
                "missing_lines": 46,
                "excluded_lines": 0
            },
            "missing_lines": [
                1,
                2,
                4,
                5,
                6,
                7,
                10,
                14,
                15,
                16,
                19,
                23,
                26,
                30,
                31,
                34,
                38,
                39,
                40,
                43,
                47,
                48,
                49,
                52,
                56,
                57,
                58,
                61,
                65,
                66,
                67,
                70,
                74,
                75,
                78,
                82,
                83,
                84,
                88,
                89,
                92,
                96,
                97,
                98,
                99,
                102
            ],
            "excluded_lines": []
        },
        "src/planager/configuration.py": {
            "executed_lines": [
                1,
                2,
                3,
                4,
                5,
                6,
                8,
                9,
                12,
                13,
                17,
                18,
                19,
                20,
                21,
                23,
                24,
                25,
                26,
                27,
                28,
                29,
                30,
                31,
                32,
                33,
                34,
                35,
                36,
                37,
                38,
                40,
                49,
                62,
                66,
                67,
                70,
                71,
                74,
                77,
                78,
                81,
                82,
                85,
                86,
                95,
                96,
                100,
                102,
                103,
                104,
                105,
                106,
                107,
                108,
                109,
                110,
                111,
                112,
                113,
                114,
                116,
                117,
                118,
                119,
                120,
                121,
                122,
                123,
                125,
                126,
                128,
                155,
                157,
                158,
                159,
                160,
                161,
                162,
                163,
                164,
                165,
                166,
                167,
                168,
                170,
                171,
                172,
                173,
                174,
                175,
                176,
                177,
                179,
                180,
                181,
                183,
                184,
                185,
                212,
                241,
                242,
                245,
                246,
                249,
                253,
                254,
                255,
                259,
                261,
                263,
                264,
                266,
                268,
                269,
                270,
                272
            ],
            "summary": {
                "covered_lines": 115,
                "num_statements": 142,
                "percent_covered": 80.98591549295774,
                "percent_covered_display": "81",
                "missing_lines": 27,
                "excluded_lines": 0
            },
            "missing_lines": [
                44,
                45,
                46,
                47,
                54,
                55,
                56,
                57,
                58,
                59,
                60,
                63,
                64,
                68,
                72,
                75,
                79,
                83,
                91,
                92,
                213,
                214,
                243,
                247,
                250,
                257,
                260
            ],
            "excluded_lines": []
        },
        "src/planager/declaration/__init__.py": {
            "executed_lines": [],
            "summary": {
                "covered_lines": 0,
                "num_statements": 0,
                "percent_covered": 100.0,
                "percent_covered_display": "100",
                "missing_lines": 0,
                "excluded_lines": 0
            },
            "missing_lines": [],
            "excluded_lines": []
        },
        "src/planager/derivation/__init__.py": {
            "executed_lines": [],
            "summary": {
                "covered_lines": 0,
                "num_statements": 5,
                "percent_covered": 0.0,
                "percent_covered_display": "0",
                "missing_lines": 5,
                "excluded_lines": 0
            },
            "missing_lines": [
                1,
                3,
                6,
                7,
                8
            ],
            "excluded_lines": []
        },
        "src/planager/entity/__init__.py": {
            "executed_lines": [
                1,
                2,
                3,
                4,
                5,
                6,
                7,
                8,
                9,
                10,
                11,
                12,
                13,
                14,
                16
            ],
            "summary": {
                "covered_lines": 15,
                "num_statements": 15,
                "percent_covered": 100.0,
                "percent_covered_display": "100",
                "missing_lines": 0,
                "excluded_lines": 0
            },
            "missing_lines": [],
            "excluded_lines": []
        },
        "src/planager/entity/base/__init__.py": {
            "executed_lines": [
                0
            ],
            "summary": {
                "covered_lines": 0,
                "num_statements": 0,
                "percent_covered": 100.0,
                "percent_covered_display": "100",
                "missing_lines": 0,
                "excluded_lines": 0
            },
            "missing_lines": [],
            "excluded_lines": []
        },
        "src/planager/entity/base/calendar.py": {
            "executed_lines": [
                1,
                3,
                4,
                5,
                6,
                11,
                12,
                13,
                16,
                17,
                23,
                91,
                100,
                101,
                121,
                122,
                159,
                160,
                163,
                164,
                173,
                174,
                177,
                178,
                181,
                189,
                190,
                202,
                219,
                220,
                224,
                227,
                228,
                240,
                245,
                248,
                249,
                252,
                253,
                256,
                260,
                263,
                266,
                269,
                270,
                273,
                276
            ],
            "summary": {
                "covered_lines": 44,
                "num_statements": 129,
                "percent_covered": 34.10852713178294,
                "percent_covered_display": "34",
                "missing_lines": 85,
                "excluded_lines": 2
            },
            "missing_lines": [
                31,
                32,
                33,
                34,
                35,
                37,
                38,
                42,
                43,
                44,
                55,
                66,
                67,
                68,
                70,
                71,
                72,
                73,
                75,
                77,
                78,
                79,
                80,
                82,
                85,
                86,
                88,
                89,
                92,
                106,
                107,
                109,
                111,
                112,
                113,
                114,
                116,
                117,
                119,
                129,
                131,
                132,
                134,
                155,
                157,
                161,
                168,
                169,
                170,
                171,
                175,
                179,
                182,
                195,
                196,
                197,
                198,
                199,
                200,
                203,
                204,
                205,
                206,
                207,
                216,
                225,
                232,
                233,
                234,
                235,
                236,
                238,
                241,
                242,
                243,
                246,
                250,
                254,
                257,
                258,
                261,
                264,
                267,
                271,
                274
            ],
            "excluded_lines": [
                276,
                277
            ]
        },
        "src/planager/entity/base/entry.py": {
            "executed_lines": [
                1,
                3,
                4,
                5,
                10,
                13,
                14,
                18,
                80,
                81,
                122,
                144,
                145,
                160,
                161,
                174,
                192,
                193,
                196,
                197,
                200,
                201,
                204,
                207,
                210,
                213,
                216,
                229,
                233,
                245,
                255,
                256,
                259,
                260,
                263,
                289,
                334,
                337,
                340,
                343,
                347,
                348,
                353,
                363,
                364
            ],
            "summary": {
                "covered_lines": 42,
                "num_statements": 136,
                "percent_covered": 30.88235294117647,
                "percent_covered_display": "31",
                "missing_lines": 94,
                "excluded_lines": 2
            },
            "missing_lines": [
                41,
                44,
                45,
                48,
                49,
                50,
                51,
                52,
                53,
                55,
                56,
                57,
                58,
                59,
                60,
                61,
                62,
                63,
                64,
                66,
                68,
                69,
                70,
                71,
                72,
                73,
                74,
                75,
                76,
                77,
                78,
                85,
                86,
                87,
                93,
                95,
                123,
                149,
                165,
                175,
                194,
                198,
                202,
                205,
                208,
                211,
                214,
                221,
                222,
                223,
                224,
                225,
                227,
                230,
                231,
                237,
                238,
                239,
                240,
                241,
                242,
                243,
                249,
                250,
                251,
                252,
                253,
                257,
                261,
                267,
                268,
                269,
                270,
                271,
                272,
                273,
                280,
                281,
                282,
                283,
                284,
                285,
                287,
                293,
                294,
                295,
                296,
                301,
                303,
                335,
                338,
                341,
                354,
                365
            ],
            "excluded_lines": [
                343,
                344
            ]
        },
        "src/planager/entity/base/plan.py": {
            "executed_lines": [
                1,
                2,
                3,
                4,
                6,
                7,
                8,
                9,
                10,
                11,
                14,
                15,
                20,
                28,
                31,
                32,
                59,
                60,
                71,
                72,
                78,
                79,
                89,
                93,
                94,
                97,
                98,
                101,
                109,
                112,
                115,
                118,
                121,
                124,
                127,
                128,
                131,
                132,
                176,
                224,
                228,
                257
            ],
            "summary": {
                "covered_lines": 40,
                "num_statements": 133,
                "percent_covered": 30.075187969924812,
                "percent_covered_display": "30",
                "missing_lines": 93,
                "excluded_lines": 2
            },
            "missing_lines": [
                24,
                25,
                26,
                29,
                41,
                42,
                43,
                44,
                45,
                47,
                64,
                65,
                66,
                67,
                69,
                73,
                83,
                84,
                85,
                86,
                87,
                90,
                91,
                95,
                99,
                105,
                106,
                107,
                110,
                113,
                116,
                119,
                122,
                125,
                129,
                138,
                140,
                141,
                143,
                144,
                146,
                147,
                148,
                149,
                151,
                154,
                156,
                157,
                158,
                159,
                161,
                162,
                163,
                164,
                165,
                166,
                169,
                170,
                174,
                177,
                178,
                179,
                180,
                185,
                186,
                187,
                190,
                191,
                194,
                195,
                202,
                210,
                211,
                213,
                214,
                234,
                235,
                236,
                238,
                243,
                248,
                249,
                250,
                251,
                253,
                254,
                266,
                267,
                269,
                270,
                274,
                275,
                277
            ],
            "excluded_lines": [
                224,
                225
            ]
        },
        "src/planager/entity/base/project.py": {
            "executed_lines": [
                1,
                2,
                4,
                6,
                7,
                8,
                9,
                12,
                13,
                17,
                54,
                55,
                91,
                106,
                107,
                120,
                121,
                160,
                163,
                164,
                167,
                168,
                171,
                215,
                218,
                223,
                226
            ],
            "summary": {
                "covered_lines": 25,
                "num_statements": 92,
                "percent_covered": 27.17391304347826,
                "percent_covered_display": "27",
                "missing_lines": 67,
                "excluded_lines": 2
            },
            "missing_lines": [
                33,
                34,
                35,
                36,
                37,
                40,
                41,
                42,
                43,
                44,
                45,
                46,
                47,
                49,
                50,
                60,
                61,
                63,
                64,
                65,
                69,
                92,
                103,
                104,
                111,
                112,
                113,
                114,
                115,
                118,
                125,
                126,
                127,
                128,
                130,
                131,
                132,
                133,
                134,
                135,
                136,
                137,
                139,
                140,
                141,
                142,
                143,
                144,
                145,
                146,
                147,
                149,
                154,
                158,
                161,
                165,
                169,
                175,
                176,
                183,
                184,
                195,
                216,
                219,
                220,
                221,
                224
            ],
            "excluded_lines": [
                226,
                227
            ]
        },
        "src/planager/entity/base/roadmap.py": {
            "executed_lines": [
                1,
                3,
                4,
                5,
                6,
                7,
                8,
                11,
                12,
                16,
                28,
                29,
                38,
                46,
                66,
                67,
                76,
                77,
                87,
                90,
                95,
                98,
                101,
                106,
                109
            ],
            "summary": {
                "covered_lines": 23,
                "num_statements": 57,
                "percent_covered": 40.35087719298246,
                "percent_covered_display": "40",
                "missing_lines": 34,
                "excluded_lines": 2
            },
            "missing_lines": [
                23,
                24,
                25,
                26,
                33,
                34,
                36,
                39,
                50,
                51,
                52,
                53,
                54,
                55,
                56,
                57,
                58,
                72,
                73,
                74,
                82,
                83,
                84,
                85,
                88,
                91,
                92,
                93,
                96,
                99,
                102,
                103,
                104,
                107
            ],
            "excluded_lines": [
                109,
                110
            ]
        },
        "src/planager/entity/base/routine.py": {
            "executed_lines": [
                1,
                3,
                4,
                5,
                6,
                7,
                10,
                11,
                15,
                50,
                51,
                80,
                83,
                109,
                134,
                137
            ],
            "summary": {
                "covered_lines": 14,
                "num_statements": 43,
                "percent_covered": 32.55813953488372,
                "percent_covered_display": "33",
                "missing_lines": 29,
                "excluded_lines": 2
            },
            "missing_lines": [
                30,
                31,
                32,
                33,
                34,
                35,
                36,
                37,
                38,
                39,
                40,
                42,
                43,
                46,
                48,
                56,
                57,
                58,
                60,
                81,
                97,
                114,
                115,
                117,
                118,
                119,
                120,
                127,
                135
            ],
            "excluded_lines": [
                137,
                138
            ]
        },
        "src/planager/entity/base/schedule.py": {
            "executed_lines": [
                1,
                3,
                4,
                5,
                6,
                7,
                8,
                9,
                12,
                13,
                17,
                46,
                51,
                63,
                64,
                67,
                68,
                77,
                80,
                83,
                86,
                89,
                103,
                104,
                111,
                112,
                115,
                116,
                128,
                129,
                143,
                155,
                156,
                159,
                160,
                166,
                167,
                170,
                185,
                189,
                198,
                216,
                235,
                246
            ],
            "summary": {
                "covered_lines": 42,
                "num_statements": 137,
                "percent_covered": 30.656934306569344,
                "percent_covered_display": "31",
                "missing_lines": 95,
                "excluded_lines": 2
            },
            "missing_lines": [
                25,
                27,
                30,
                33,
                36,
                39,
                44,
                47,
                48,
                49,
                55,
                59,
                65,
                72,
                73,
                74,
                75,
                78,
                81,
                84,
                87,
                93,
                94,
                95,
                96,
                97,
                98,
                99,
                100,
                101,
                108,
                109,
                113,
                121,
                122,
                123,
                124,
                125,
                126,
                135,
                136,
                137,
                141,
                149,
                150,
                151,
                153,
                157,
                164,
                168,
                172,
                173,
                174,
                176,
                177,
                178,
                179,
                180,
                181,
                182,
                183,
                193,
                194,
                195,
                202,
                203,
                204,
                205,
                206,
                207,
                209,
                210,
                211,
                212,
                213,
                224,
                225,
                227,
                228,
                229,
                230,
                232,
                239,
                240,
                241,
                242,
                243,
                252,
                254,
                255,
                256,
                257,
                259,
                261,
                263
            ],
            "excluded_lines": [
                185,
                186
            ]
        },
        "src/planager/entity/base/task.py": {
            "executed_lines": [
                1,
                3,
                4,
                5,
                6,
                7,
                10,
                11,
                16,
                18,
                56,
                57,
                92,
                93,
                103,
                117,
                122,
                123,
                126,
                129,
                150,
                151,
                154,
                155,
                158,
                180,
                183,
                186,
                193,
                200,
                207,
                214,
                217
            ],
            "summary": {
                "covered_lines": 31,
                "num_statements": 84,
                "percent_covered": 36.904761904761905,
                "percent_covered_display": "37",
                "missing_lines": 53,
                "excluded_lines": 2
            },
            "missing_lines": [
                35,
                36,
                37,
                38,
                41,
                42,
                43,
                44,
                45,
                46,
                47,
                48,
                49,
                52,
                53,
                54,
                69,
                71,
                72,
                73,
                76,
                77,
                78,
                80,
                97,
                98,
                101,
                104,
                118,
                119,
                120,
                124,
                127,
                137,
                138,
                139,
                152,
                156,
                162,
                163,
                164,
                165,
                166,
                170,
                171,
                172,
                181,
                184,
                187,
                194,
                201,
                208,
                215
            ],
            "excluded_lines": [
                217,
                218
            ]
        },
        "src/planager/entity/container/__init__.py": {
            "executed_lines": [
                0
            ],
            "summary": {
                "covered_lines": 0,
                "num_statements": 0,
                "percent_covered": 100.0,
                "percent_covered_display": "100",
                "missing_lines": 0,
                "excluded_lines": 0
            },
            "missing_lines": [],
            "excluded_lines": []
        },
        "src/planager/entity/container/entries.py": {
            "executed_lines": [
                1,
                2,
                3,
                5,
                6,
                8,
                11,
                12,
                16,
                17,
                19,
                22,
                25,
                28,
                31,
                34,
                37,
                41,
                44,
                47,
                48,
                51,
                52,
                55,
                56,
                59,
                60,
                63,
                64,
                73,
                74,
                83,
                84,
                93,
                101,
                102,
                122,
                128,
                137,
                154,
                177,
                178,
                181,
                182,
                185,
                199,
                205,
                206,
                213,
                214,
                222,
                223,
                226,
                229,
                232,
                235,
                238,
                249,
                252
            ],
            "summary": {
                "covered_lines": 57,
                "num_statements": 135,
                "percent_covered": 42.22222222222222,
                "percent_covered_display": "42",
                "missing_lines": 78,
                "excluded_lines": 2
            },
            "missing_lines": [
                20,
                23,
                26,
                29,
                32,
                35,
                38,
                39,
                42,
                45,
                49,
                53,
                57,
                61,
                68,
                69,
                70,
                71,
                78,
                79,
                80,
                81,
                88,
                89,
                90,
                91,
                94,
                107,
                108,
                110,
                116,
                126,
                132,
                133,
                134,
                135,
                143,
                144,
                149,
                150,
                151,
                152,
                162,
                163,
                164,
                165,
                166,
                167,
                168,
                170,
                171,
                172,
                173,
                175,
                179,
                183,
                191,
                193,
                194,
                196,
                197,
                203,
                210,
                211,
                218,
                219,
                220,
                224,
                227,
                230,
                233,
                236,
                243,
                244,
                245,
                246,
                247,
                250
            ],
            "excluded_lines": [
                252,
                253
            ]
        },
        "src/planager/entity/container/projects.py": {
            "executed_lines": [
                1,
                3,
                4,
                5,
                6,
                7,
                8,
                11,
                12,
                16,
                20,
                21,
                37,
                40,
                41,
                44,
                51,
                52,
                55,
                60,
                100,
                103,
                106,
                111,
                118,
                121
            ],
            "summary": {
                "covered_lines": 24,
                "num_statements": 60,
                "percent_covered": 40.0,
                "percent_covered_display": "40",
                "missing_lines": 36,
                "excluded_lines": 2
            },
            "missing_lines": [
                17,
                18,
                28,
                30,
                31,
                32,
                33,
                35,
                38,
                42,
                45,
                46,
                47,
                48,
                49,
                53,
                56,
                57,
                58,
                65,
                66,
                68,
                70,
                71,
                78,
                101,
                104,
                107,
                108,
                109,
                112,
                113,
                114,
                115,
                116,
                119
            ],
            "excluded_lines": [
                121,
                122
            ]
        },
        "src/planager/entity/container/roadmaps.py": {
            "executed_lines": [
                1,
                2,
                4,
                5,
                6,
                7,
                8,
                9,
                10,
                11,
                14,
                15,
                19,
                29,
                30,
                40,
                41,
                51,
                52,
                63,
                64,
                67,
                68,
                71,
                106,
                110,
                115,
                120,
                123,
                126,
                131,
                134,
                135,
                138,
                141
            ],
            "summary": {
                "covered_lines": 33,
                "num_statements": 72,
                "percent_covered": 45.833333333333336,
                "percent_covered_display": "46",
                "missing_lines": 39,
                "excluded_lines": 2
            },
            "missing_lines": [
                24,
                25,
                34,
                35,
                36,
                37,
                38,
                45,
                46,
                47,
                48,
                49,
                57,
                58,
                59,
                60,
                61,
                65,
                69,
                76,
                78,
                79,
                86,
                107,
                108,
                111,
                112,
                113,
                116,
                117,
                118,
                121,
                124,
                127,
                128,
                129,
                132,
                136,
                139
            ],
            "excluded_lines": [
                141,
                142
            ]
        },
        "src/planager/entity/container/routines.py": {
            "executed_lines": [
                1,
                3,
                4,
                5,
                8,
                9,
                13,
                18,
                19,
                29,
                32,
                47,
                50,
                53,
                56
            ],
            "summary": {
                "covered_lines": 13,
                "num_statements": 27,
                "percent_covered": 48.148148148148145,
                "percent_covered_display": "48",
                "missing_lines": 14,
                "excluded_lines": 2
            },
            "missing_lines": [
                14,
                24,
                25,
                26,
                27,
                30,
                37,
                38,
                39,
                40,
                41,
                48,
                51,
                54
            ],
            "excluded_lines": [
                56,
                57
            ]
        },
        "src/planager/entity/container/schedules.py": {
            "executed_lines": [
                1,
                3,
                4,
                5,
                8,
                9,
                13,
                16,
                17,
                26,
                29,
                32,
                35,
                40,
                41,
                44,
                47
            ],
            "summary": {
                "covered_lines": 15,
                "num_statements": 27,
                "percent_covered": 55.55555555555556,
                "percent_covered_display": "56",
                "missing_lines": 12,
                "excluded_lines": 2
            },
            "missing_lines": [
                14,
                21,
                22,
                23,
                24,
                27,
                30,
                33,
                36,
                37,
                42,
                45
            ],
            "excluded_lines": [
                47,
                48
            ]
        },
        "src/planager/entity/container/tasks.py": {
            "executed_lines": [
                1,
                2,
                3,
                5,
                6,
                7,
                8,
                10,
                13,
                14,
                18,
                19,
                20,
                23,
                26,
                38,
                39,
                66,
                69,
                84,
                113,
                117,
                127,
                140,
                144,
                148,
                152,
                155,
                158,
                161,
                162,
                165,
                166,
                169,
                199,
                203,
                206,
                209,
                212,
                228,
                236,
                239,
                242,
                245,
                248,
                251
            ],
            "summary": {
                "covered_lines": 44,
                "num_statements": 125,
                "percent_covered": 35.2,
                "percent_covered_display": "35",
                "missing_lines": 81,
                "excluded_lines": 2
            },
            "missing_lines": [
                21,
                51,
                52,
                53,
                61,
                63,
                64,
                67,
                75,
                78,
                79,
                82,
                94,
                96,
                97,
                98,
                100,
                102,
                103,
                104,
                106,
                107,
                108,
                109,
                111,
                114,
                115,
                122,
                123,
                124,
                125,
                131,
                132,
                133,
                135,
                136,
                137,
                138,
                141,
                142,
                145,
                146,
                149,
                150,
                153,
                156,
                159,
                163,
                167,
                173,
                175,
                176,
                178,
                179,
                180,
                181,
                182,
                183,
                191,
                200,
                201,
                204,
                207,
                210,
                217,
                219,
                220,
                222,
                223,
                225,
                226,
                229,
                230,
                232,
                233,
                234,
                237,
                240,
                243,
                246,
                249
            ],
            "excluded_lines": [
                251,
                252
            ]
        },
        "src/planager/logger.py": {
            "executed_lines": [],
            "summary": {
                "covered_lines": 0,
                "num_statements": 4,
                "percent_covered": 0.0,
                "percent_covered_display": "0",
                "missing_lines": 4,
                "excluded_lines": 0
            },
            "missing_lines": [
                1,
                4,
                5,
                6
            ],
            "excluded_lines": []
        },
        "src/planager/planager.py": {
            "executed_lines": [
                1,
                2,
                3,
                4,
                6,
                7,
                8,
                24,
                25,
                28,
                29,
                33,
                34,
                35,
                36,
                37,
                38,
                39,
                40,
                41,
                42,
                43,
                46,
                70,
                73,
                81,
                114,
                134,
                135,
                147,
                148,
                175,
                179,
                192,
                204,
                207,
                210,
                214,
                217,
                222,
                235,
                236,
                248,
                251,
                264,
                267,
                277
            ],
            "summary": {
                "covered_lines": 45,
                "num_statements": 136,
                "percent_covered": 33.088235294117645,
                "percent_covered_display": "33",
                "missing_lines": 91,
                "excluded_lines": 2
            },
            "missing_lines": [
                50,
                52,
                53,
                55,
                56,
                57,
                58,
                60,
                61,
                63,
                64,
                66,
                67,
                68,
                71,
                78,
                79,
                97,
                103,
                105,
                106,
                107,
                109,
                110,
                112,
                119,
                120,
                122,
                124,
                125,
                126,
                129,
                132,
                139,
                140,
                141,
                145,
                153,
                155,
                156,
                157,
                158,
                159,
                160,
                162,
                163,
                164,
                165,
                166,
                176,
                177,
                183,
                184,
                185,
                186,
                187,
                188,
                189,
                190,
                197,
                198,
                199,
                200,
                201,
                202,
                205,
                208,
                211,
                212,
                215,
                226,
                227,
                228,
                229,
                230,
                231,
                232,
                233,
                237,
                249,
                254,
                255,
                256,
                257,
                258,
                259,
                260,
                261,
                262,
                265,
                268
            ],
            "excluded_lines": [
                277,
                278
            ]
        },
        "src/planager/tracking/__init__.py": {
            "executed_lines": [
                1,
                2,
                4
            ],
            "summary": {
                "covered_lines": 3,
                "num_statements": 3,
                "percent_covered": 100.0,
                "percent_covered_display": "100",
                "missing_lines": 0,
                "excluded_lines": 0
            },
            "missing_lines": [],
            "excluded_lines": []
        },
        "src/planager/tracking/logs.py": {
            "executed_lines": [
                1,
                2,
                6,
                7,
                8,
                9,
                10,
                11,
                12,
                13,
                14,
                15,
                16,
                17,
                18,
                19,
                20,
                21,
                22,
                24,
                25,
                28,
                31,
                34
            ],
            "summary": {
                "covered_lines": 22,
                "num_statements": 25,
                "percent_covered": 88.0,
                "percent_covered_display": "88",
                "missing_lines": 3,
                "excluded_lines": 2
            },
            "missing_lines": [
                26,
                29,
                32
            ],
            "excluded_lines": [
                34,
                35
            ]
        },
        "src/planager/tracking/tracker.py": {
            "executed_lines": [
                1,
                3,
                4,
                5,
                6,
                11,
                14,
                15,
                19,
                30,
                44,
                48,
                65
            ],
            "summary": {
                "covered_lines": 12,
                "num_statements": 38,
                "percent_covered": 31.57894736842105,
                "percent_covered_display": "32",
                "missing_lines": 26,
                "excluded_lines": 0
            },
            "missing_lines": [
                24,
                25,
                26,
                27,
                28,
                34,
                36,
                37,
                38,
                45,
                46,
                52,
                53,
                54,
                58,
                59,
                60,
                62,
                63,
                70,
                71,
                72,
                73,
                74,
                75,
                76
            ],
            "excluded_lines": []
        },
        "src/planager/tracking/tracker_item.py": {
            "executed_lines": [
                1,
                3,
                8,
                19,
                20,
                26,
                28,
                53,
                57,
                72,
                73,
                80,
                81,
                82,
                83,
                84,
                85,
                86,
                87,
                89,
                102,
                103,
                122,
                136,
                144
            ],
            "summary": {
                "covered_lines": 24,
                "num_statements": 47,
                "percent_covered": 51.06382978723404,
                "percent_covered_display": "51",
                "missing_lines": 23,
                "excluded_lines": 0
            },
            "missing_lines": [
                54,
                90,
                91,
                92,
                93,
                94,
                95,
                96,
                97,
                98,
                99,
                100,
                109,
                110,
                120,
                126,
                127,
                128,
                132,
                140,
                141,
                142,
                145
            ],
            "excluded_lines": []
        },
        "src/planager/util/__init__.py": {
            "executed_lines": [
                1,
                2,
                3,
                4,
                5,
                6,
                7,
                8,
                10
            ],
            "summary": {
                "covered_lines": 9,
                "num_statements": 9,
                "percent_covered": 100.0,
                "percent_covered_display": "100",
                "missing_lines": 0,
                "excluded_lines": 0
            },
            "missing_lines": [],
            "excluded_lines": []
        },
        "src/planager/util/color.py": {
            "executed_lines": [
                1,
                5,
                9,
                13,
                17,
                21,
                25,
                29,
                33,
                37,
                41,
                45,
                49,
                53
            ],
            "summary": {
                "covered_lines": 14,
                "num_statements": 28,
                "percent_covered": 50.0,
                "percent_covered_display": "50",
                "missing_lines": 14,
                "excluded_lines": 0
            },
            "missing_lines": [
                2,
                6,
                10,
                14,
                18,
                22,
                26,
                30,
                34,
                38,
                42,
                46,
                50,
                54
            ],
            "excluded_lines": []
        },
        "src/planager/util/display/__init__.py": {
            "executed_lines": [
                1,
                3
            ],
            "summary": {
                "covered_lines": 2,
                "num_statements": 2,
                "percent_covered": 100.0,
                "percent_covered_display": "100",
                "missing_lines": 0,
                "excluded_lines": 0
            },
            "missing_lines": [],
            "excluded_lines": []
        },
        "src/planager/util/display/repr.py": {
            "executed_lines": [
                1,
                38,
                63
            ],
            "summary": {
                "covered_lines": 3,
                "num_statements": 32,
                "percent_covered": 9.375,
                "percent_covered_display": "9",
                "missing_lines": 29,
                "excluded_lines": 0
            },
            "missing_lines": [
                11,
                12,
                14,
                15,
                17,
                18,
                19,
                20,
                21,
                22,
                24,
                25,
                26,
                28,
                29,
                30,
                32,
                33,
                35,
                52,
                53,
                54,
                55,
                56,
                57,
                59,
                60,
                72,
                73
            ],
            "excluded_lines": []
        },
        "src/planager/util/elementary_types.py": {
            "executed_lines": [
                1,
                2,
                4,
                8,
                11,
                12,
                16,
                17,
                18,
                24,
                27,
                28,
                29,
                35,
                38,
                39,
                43,
                44,
                47,
                48,
                53,
                54,
                55,
                56,
                59,
                60,
                61,
                62,
                63,
                67,
                68,
                69,
                70
            ],
            "summary": {
                "covered_lines": 29,
                "num_statements": 30,
                "percent_covered": 96.66666666666667,
                "percent_covered_display": "97",
                "missing_lines": 1,
                "excluded_lines": 0
            },
            "missing_lines": [
                13
            ],
            "excluded_lines": []
        },
        "src/planager/util/entity_ids.py": {
            "executed_lines": [
                1,
                4,
                5,
                10,
                12,
                13,
                15,
                16,
                18,
                19,
                20,
                21,
                26,
                27,
                29,
                33,
                34,
                39,
                40,
                42,
                43,
                44,
                46,
                47,
                49,
                50,
                51,
                53,
                54,
                55,
                56,
                57,
                58,
                63,
                64,
                66,
                70,
                71,
                77,
                78,
                79,
                81,
                82,
                83,
                85,
                86,
                87,
                89,
                90,
                91,
                93,
                94,
                95,
                96,
                97,
                98,
                99,
                100,
                105,
                106,
                108
            ],
            "summary": {
                "covered_lines": 55,
                "num_statements": 55,
                "percent_covered": 100.0,
                "percent_covered_display": "100",
                "missing_lines": 0,
                "excluded_lines": 6
            },
            "missing_lines": [],
            "excluded_lines": [
                29,
                30,
                66,
                67,
                108,
                109
            ]
        },
        "src/planager/util/misc.py": {
            "executed_lines": [
                1,
                2
            ],
            "summary": {
                "covered_lines": 2,
                "num_statements": 2,
                "percent_covered": 100.0,
                "percent_covered_display": "100",
                "missing_lines": 0,
                "excluded_lines": 0
            },
            "missing_lines": [],
            "excluded_lines": []
        },
        "src/planager/util/pdatetime/__init__.py": {
            "executed_lines": [
                1,
                2,
                6
            ],
            "summary": {
                "covered_lines": 3,
                "num_statements": 3,
                "percent_covered": 100.0,
                "percent_covered_display": "100",
                "missing_lines": 0,
                "excluded_lines": 0
            },
            "missing_lines": [],
            "excluded_lines": []
        },
        "src/planager/util/pdatetime/pdate.py": {
            "executed_lines": [
                1,
                2,
                3,
                6,
                7,
                11,
                13,
                14,
                15,
                16,
                17,
                18,
                20,
                21,
                58,
                59,
                60,
                62,
                63,
                66,
                67,
                68,
                70,
                71,
                74,
                75,
                76,
                78,
                79,
                82,
                85,
                86,
                90,
                91,
                92,
                93,
                94,
                95,
                98,
                101,
                102,
                106,
                109,
                112,
                115,
                119,
                122,
                162,
                191,
                192,
                195,
                196,
                197,
                199,
                202,
                203,
                209,
                212,
                215,
                218,
                221,
                224,
                228,
                229,
                233,
                234,
                236,
                239,
                247,
                250,
                253,
                256
            ],
            "summary": {
                "covered_lines": 69,
                "num_statements": 144,
                "percent_covered": 47.916666666666664,
                "percent_covered_display": "48",
                "missing_lines": 75,
                "excluded_lines": 2
            },
            "missing_lines": [
                30,
                31,
                32,
                33,
                34,
                35,
                36,
                37,
                38,
                39,
                40,
                41,
                42,
                43,
                44,
                45,
                46,
                47,
                48,
                49,
                51,
                53,
                54,
                56,
                64,
                72,
                80,
                83,
                87,
                88,
                96,
                99,
                103,
                104,
                107,
                110,
                113,
                116,
                117,
                120,
                127,
                136,
                150,
                159,
                160,
                166,
                167,
                168,
                170,
                171,
                173,
                174,
                175,
                177,
                178,
                180,
                181,
                183,
                184,
                186,
                187,
                189,
                193,
                200,
                210,
                213,
                216,
                219,
                222,
                237,
                240,
                248,
                251,
                254,
                257
            ],
            "excluded_lines": [
                224,
                225
            ]
        },
        "src/planager/util/pdatetime/ptime.py": {
            "executed_lines": [
                1,
                4,
                5,
                9,
                10,
                12,
                13,
                14,
                16,
                17,
                18,
                19,
                23,
                25,
                26,
                28,
                29,
                66,
                69,
                72,
                73,
                75,
                76,
                79,
                80,
                83,
                87,
                91,
                94,
                97,
                100,
                103,
                104,
                105,
                108,
                111,
                114,
                117,
                121,
                122,
                126,
                129,
                132,
                135,
                138,
                141,
                144,
                147,
                150,
                153,
                156
            ],
            "summary": {
                "covered_lines": 47,
                "num_statements": 105,
                "percent_covered": 44.76190476190476,
                "percent_covered_display": "45",
                "missing_lines": 58,
                "excluded_lines": 4
            },
            "missing_lines": [
                11,
                20,
                21,
                22,
                24,
                37,
                38,
                39,
                40,
                41,
                42,
                43,
                44,
                45,
                46,
                47,
                48,
                49,
                50,
                51,
                52,
                53,
                54,
                55,
                56,
                57,
                58,
                59,
                61,
                62,
                63,
                64,
                67,
                70,
                77,
                81,
                84,
                85,
                88,
                89,
                92,
                95,
                98,
                106,
                109,
                112,
                115,
                118,
                127,
                130,
                133,
                136,
                139,
                142,
                145,
                148,
                151,
                157
            ],
            "excluded_lines": [
                100,
                101,
                153,
                154
            ]
        },
        "src/planager/util/prompt/__init__.py": {
            "executed_lines": [
                1,
                17
            ],
            "summary": {
                "covered_lines": 2,
                "num_statements": 2,
                "percent_covered": 100.0,
                "percent_covered_display": "100",
                "missing_lines": 0,
                "excluded_lines": 0
            },
            "missing_lines": [],
            "excluded_lines": []
        },
        "src/planager/util/prompt/prompt.py": {
            "executed_lines": [
                1,
                2,
                4,
                5,
                6,
                9,
                28,
                32,
                45,
                65,
                87,
                114,
                129,
                146,
                172,
                182,
                197,
                210
            ],
            "summary": {
                "covered_lines": 18,
                "num_statements": 116,
                "percent_covered": 15.517241379310345,
                "percent_covered_display": "16",
                "missing_lines": 98,
                "excluded_lines": 0
            },
            "missing_lines": [
                17,
                18,
                19,
                20,
                21,
                22,
                23,
                24,
                25,
                29,
                41,
                42,
                53,
                54,
                55,
                56,
                57,
                58,
                59,
                60,
                61,
                62,
                75,
                76,
                77,
                78,
                79,
                80,
                81,
                82,
                83,
                84,
                98,
                99,
                100,
                101,
                102,
                103,
                104,
                105,
                106,
                107,
                108,
                109,
                110,
                111,
                118,
                119,
                120,
                121,
                122,
                123,
                124,
                125,
                126,
                135,
                136,
                137,
                138,
                139,
                140,
                141,
                142,
                143,
                156,
                157,
                158,
                159,
                160,
                161,
                162,
                164,
                165,
                166,
                167,
                168,
                169,
                176,
                177,
                178,
                179,
                189,
                190,
                191,
                192,
                193,
                194,
                216,
                217,
                218,
                219,
                221,
                222,
                223,
                224,
                225,
                226,
                231
            ],
            "excluded_lines": []
        },
        "src/planager/util/regex.py": {
            "executed_lines": [
                1,
                2,
                5,
                6,
                7,
                11,
                12,
                13,
                14,
                15,
                16
            ],
            "summary": {
                "covered_lines": 10,
                "num_statements": 10,
                "percent_covered": 100.0,
                "percent_covered_display": "100",
                "missing_lines": 0,
                "excluded_lines": 0
            },
            "missing_lines": [],
            "excluded_lines": []
        },
        "src/planager/util/serde/__init__.py": {
            "executed_lines": [
                0
            ],
            "summary": {
                "covered_lines": 0,
                "num_statements": 0,
                "percent_covered": 100.0,
                "percent_covered_display": "100",
                "missing_lines": 0,
                "excluded_lines": 0
            },
            "missing_lines": [],
            "excluded_lines": []
        },
        "src/planager/util/serde/custom_dict_types.py": {
            "executed_lines": [
                1,
                3,
                15,
                16,
                17,
                19,
                20,
                21,
                22,
                23,
                24,
                25,
                28,
                31,
                36,
                37,
                42,
                43,
                44,
                45,
                46,
                47,
                48,
                49,
                56,
                57,
                61,
                62,
                63,
                64,
                65,
                68,
                69,
                73,
                74,
                75,
                76,
                77,
                80,
                81,
                85,
                86,
                87,
                88,
                89,
                90,
                91,
                92,
                93,
                94,
                95,
                96,
                97,
                98,
                99,
                100,
                101,
                102,
                103,
                104,
                105,
                106,
                107,
                108,
                111,
                112,
                117,
                118,
                119,
                120,
                121,
                122,
                123,
                124,
                125,
                126,
                127,
                128,
                129,
                130,
                131,
                132,
                133,
                134,
                135,
                136,
                137,
                138,
                139,
                140,
                143,
                144,
                149,
                150,
                151,
                152,
                153,
                154,
                155,
                156,
                157,
                158,
                159,
                162,
                163,
                168,
                169,
                170,
                171,
                172,
                173,
                174,
                175,
                176,
                177,
                178,
                181,
                182,
                187,
                188,
                189,
                190,
                191,
                192,
                193,
                194,
                195,
                196,
                197,
                198,
                199,
                200,
                201,
                202,
                203,
                204,
                205,
                206,
                209,
                212,
                213,
                217,
                220,
                221,
                226,
                229,
                230,
                235,
                236,
                237,
                238,
                239,
                240,
                241,
                244,
                245,
                250,
                251,
                252,
                253,
                254,
                255,
                256,
                259,
                260,
                265,
                266,
                267,
                268,
                269,
                270,
                271,
                272,
                273,
                274,
                275,
                278,
                279,
                283,
                286,
                287,
                290,
                291,
                296,
                297,
                298,
                299,
                300,
                303,
                304,
                305,
                306,
                307,
                308,
                311,
                312,
                313,
                314,
                315,
                316,
                317,
                318,
                319,
                320,
                321,
                324,
                325,
                326,
                327,
                328,
                329,
                330,
                331,
                332,
                333,
                334,
                337,
                338,
                339,
                340,
                341,
                342,
                343,
                344,
                345,
                346,
                347,
                348,
                349,
                350,
                351,
                352,
                353,
                356,
                357,
                358,
                359,
                360,
                361,
                362,
                363,
                364,
                365,
                366,
                367,
                368,
                369,
                370,
                371,
                372,
                375,
                376,
                377,
                378,
                381,
                382,
                385,
                386,
                387,
                388,
                389,
                390,
                391,
                392,
                393,
                394,
                395,
                396,
                397,
                398,
                399,
                402,
                403,
                404,
                405,
                406,
                407,
                408,
                409,
                410,
                411,
                412,
                413,
                414,
                417,
                418,
                419,
                420,
                421,
                422,
                423,
                424,
                425,
                426,
                427,
                430,
                431,
                432,
                433,
                434,
                435,
                436,
                437,
                438,
                439,
                440,
                443,
                444,
                445,
                446,
                447,
                448,
                449,
                450,
                451,
                452,
                453,
                456,
                457,
                460,
                461,
                462,
                463,
                464,
                465,
                466,
                467,
                468,
                469,
                472,
                473,
                474,
                475,
                476,
                477,
                478,
                479,
                480,
                481,
                484,
                485,
                486,
                489,
                490,
                491,
                494,
                495,
                498,
                499
            ],
            "summary": {
                "covered_lines": 334,
                "num_statements": 334,
                "percent_covered": 100.0,
                "percent_covered_display": "100",
                "missing_lines": 0,
                "excluded_lines": 0
            },
            "missing_lines": [],
            "excluded_lines": []
        },
        "src/planager/util/serde/deserialization.py": {
            "executed_lines": [
                1,
                2,
                4,
                5,
                6,
                7,
                8,
                9,
                39,
                40,
                43,
                54,
                70,
                83,
                89,
                99,
                107,
                117,
                134,
                160,
                184,
                188,
                193,
                197,
                214,
                218,
                223,
                227
            ],
            "summary": {
                "covered_lines": 28,
                "num_statements": 61,
                "percent_covered": 45.90163934426229,
                "percent_covered_display": "46",
                "missing_lines": 33,
                "excluded_lines": 0
            },
            "missing_lines": [
                44,
                45,
                55,
                71,
                84,
                90,
                100,
                108,
                120,
                135,
                136,
                137,
                139,
                140,
                141,
                142,
                144,
                146,
                161,
                162,
                185,
                189,
                190,
                194,
                198,
                209,
                210,
                211,
                215,
                219,
                220,
                224,
                228
            ],
            "excluded_lines": []
        },
        "src/planager/util/serde/for_config.py": {
            "executed_lines": [
                1,
                2,
                3,
                6,
                7
            ],
            "summary": {
                "covered_lines": 5,
                "num_statements": 5,
                "percent_covered": 100.0,
                "percent_covered_display": "100",
                "missing_lines": 0,
                "excluded_lines": 0
            },
            "missing_lines": [],
            "excluded_lines": []
        },
        "src/planager/util/serde/serialization.py": {
            "executed_lines": [],
            "summary": {
                "covered_lines": 0,
                "num_statements": 0,
                "percent_covered": 100.0,
                "percent_covered_display": "100",
                "missing_lines": 0,
                "excluded_lines": 0
            },
            "missing_lines": [],
            "excluded_lines": []
        },
        "src/planager/util/serde/util.py": {
            "executed_lines": [
                1,
                4,
                5
            ],
            "summary": {
                "covered_lines": 3,
                "num_statements": 3,
                "percent_covered": 100.0,
                "percent_covered_display": "100",
                "missing_lines": 0,
                "excluded_lines": 0
            },
            "missing_lines": [],
            "excluded_lines": []
        },
        "src/planager/util/shift_declaration.py": {
            "executed_lines": [
                1,
                2,
                3,
                4,
                6,
                9,
                10,
                11,
                14
            ],
            "summary": {
                "covered_lines": 9,
                "num_statements": 26,
                "percent_covered": 34.61538461538461,
                "percent_covered_display": "35",
                "missing_lines": 17,
                "excluded_lines": 0
            },
            "missing_lines": [
                19,
                20,
                21,
                22,
                23,
                24,
                25,
                26,
                28,
                31,
                32,
                33,
                34,
                35,
                36,
                38,
                39
            ],
            "excluded_lines": []
        },
        "src/planager/validation.py": {
            "executed_lines": [],
            "summary": {
                "covered_lines": 0,
                "num_statements": 38,
                "percent_covered": 0.0,
                "percent_covered_display": "0",
                "missing_lines": 38,
                "excluded_lines": 0
            },
            "missing_lines": [
                1,
                3,
                12,
                17,
                18,
                19,
                20,
                21,
                22,
                23,
                24,
                25,
                26,
                27,
                28,
                29,
                30,
                31,
                32,
                33,
                34,
                35,
                36,
                37,
                38,
                39,
                40,
                41,
                44,
                49,
                52,
                57,
                60,
                65,
                68,
                73,
                76,
                81
            ],
            "excluded_lines": []
        }
    },
    "totals": {
        "covered_lines": 1327,
        "num_statements": 2738,
        "percent_covered": 48.46603360116874,
        "percent_covered_display": "48",
        "missing_lines": 1411,
        "excluded_lines": 46
    }
}